#
# There is insufficient memory for the Java Runtime Environment to continue.
# Native memory allocation (mmap) failed to map 266338304 bytes for Failed to commit area from 0x0000000703400000 to 0x0000000713200000 of length 266338304.
# Possible reasons:
#   The system is out of physical RAM or swap space
#   The process is running with CompressedOops enabled, and the Java Heap may be blocking the growth of the native heap
# Possible solutions:
#   Reduce memory load on the system
#   Increase physical memory or swap space
#   Check if swap backing store is full
#   Decrease Java heap size (-Xmx/-Xms)
#   Decrease number of Java threads
#   Decrease Java thread stack sizes (-Xss)
#   Set larger code cache with -XX:ReservedCodeCacheSize=
# This output file may be truncated or incomplete.
#
#  Out of Memory Error (./src/hotspot/os/windows/os_windows.cpp:3303), pid=25284, tid=10072
#
# JRE version:  (11.0.9.1+11) (build )
# Java VM: OpenJDK 64-Bit Server VM (11.0.9.1+11-b1145.63, mixed mode, sharing, tiered, compressed oops, g1 gc, windows-amd64)
# No core dump will be written. Minidumps are not enabled by default on client versions of Windows
#

---------------  S U M M A R Y ------------

Command Line: org.jetbrains.git4idea.http.GitAskPassApp Username for 'https://github.com': 

Host: Intel(R) Core(TM) i7-10875H CPU @ 2.30GHz, 16 cores, 15G,  Windows 10 , 64 bit Build 18362 (10.0.18362.1316)
Time: Tue Jan 26 16:24:56 2021 ?D1ú±ê×?ê±?? elapsed time: 0.011059 seconds (0d 0h 0m 0s)

---------------  T H R E A D  ---------------

Current thread (0x000001cf657a5000):  JavaThread "Unknown thread" [_thread_in_vm, id=10072, stack(0x000000465fd00000,0x000000465fe00000)]

Stack: [0x000000465fd00000,0x000000465fe00000]
Native frames: (J=compiled Java code, j=interpreted, Vv=VM code, C=native code)
V  [jvm.dll+0x5edd9a]
V  [jvm.dll+0x7229c5]
V  [jvm.dll+0x723f1d]
V  [jvm.dll+0x7245d3]
V  [jvm.dll+0x2431b8]
V  [jvm.dll+0x5eb234]
V  [jvm.dll+0x5e0325]
V  [jvm.dll+0x2fe60b]
V  [jvm.dll+0x2fe57a]
V  [jvm.dll+0x2fe452]
V  [jvm.dll+0x303346]
V  [jvm.dll+0x34ba83]
V  [jvm.dll+0x34c186]
V  [jvm.dll+0x34bb83]
V  [jvm.dll+0x2d9218]
V  [jvm.dll+0x2da3c7]
V  [jvm.dll+0x701a67]
V  [jvm.dll+0x70325c]
V  [jvm.dll+0x359049]
V  [jvm.dll+0x6e552e]
V  [jvm.dll+0x3c1353]
V  [jvm.dll+0x3c3571]
C  [jli.dll+0x5373]
C  [ucrtbase.dll+0x210b2]
C  [KERNEL32.DLL+0x17c24]
C  [ntdll.dll+0x6d4d1]


---------------  P R O C E S S  ---------------

Threads class SMR info:
_java_thread_list=0x000001cf63545910, length=0, elements={
}

Java Threads: ( => current thread )

Other Threads:
  0x000001cf657bd800 GCTaskThread "GC Thread#0" [stack: 0x000000465fe00000,0x000000465ff00000] [id=22392]
  0x000001cf6581b800 ConcurrentGCThread "G1 Main Marker" [stack: 0x000000465ff00000,0x0000004660000000] [id=26108]
  0x000001cf6581d800 ConcurrentGCThread "G1 Conc#0" [stack: 0x0000004660000000,0x0000004660100000] [id=22808]

[error occurred during error reporting (printing all threads), id 0xc0000005, EXCEPTION_ACCESS_VIOLATION (0xc0000005) at pc=0x00007ffc24d99807]

VM state:not at safepoint (not fully initialized)

VM Mutex/Monitor currently owned by a thread:  ([mutex/lock_event])
[0x000001cf657a0c50] Heap_lock - owner thread: 0x000001cf657a5000

Heap address: 0x0000000703400000, size: 4044 MB, Compressed Oops mode: Non-zero based: 0x0000000703400000
Narrow klass base: 0x0000000000000000, Narrow klass shift: 0

GC Heap History (0 events):
No events

Deoptimization events (0 events):
No events

Classes redefined (0 events):
No events

Internal exceptions (0 events):
No events

Events (1 events):
Event: 0.006 Loaded shared library F:\软件\idea2020.2\IntelliJ IDEA 2020.2.4\jbr\bin\zip.dll


Dynamic libraries:
0x00007ff750590000 - 0x00007ff75059a000 	F:\软件\idea2020.2\IntelliJ IDEA 2020.2.4\jbr\bin\java.exe
0x00007ffc70ea0000 - 0x00007ffc71090000 	C:\Windows\SYSTEM32\ntdll.dll
0x00007ffc6f730000 - 0x00007ffc6f7e2000 	C:\Windows\System32\KERNEL32.DLL
0x00007ffc6de20000 - 0x00007ffc6e0c5000 	C:\Windows\System32\KERNELBASE.dll
0x00007ffc6eac0000 - 0x00007ffc6ebba000 	C:\Windows\System32\ucrtbase.dll
0x00007ffc4f270000 - 0x00007ffc4f289000 	F:\软件\idea2020.2\IntelliJ IDEA 2020.2.4\jbr\bin\jli.dll
0x00007ffc4c670000 - 0x00007ffc4c687000 	F:\软件\idea2020.2\IntelliJ IDEA 2020.2.4\jbr\bin\VCRUNTIME140.dll
0x00007ffc70cc0000 - 0x00007ffc70e54000 	C:\Windows\System32\USER32.dll
0x00007ffc6ebe0000 - 0x00007ffc6ec01000 	C:\Windows\System32\win32u.dll
0x00007ffc6fa00000 - 0x00007ffc6fa26000 	C:\Windows\System32\GDI32.dll
0x00007ffc587f0000 - 0x00007ffc58a74000 	C:\Windows\WinSxS\amd64_microsoft.windows.common-controls_6595b64144ccf1df_6.0.18362.1316_none_9e7a364fe461dbd7\COMCTL32.dll
0x00007ffc6ed10000 - 0x00007ffc6eea8000 	C:\Windows\System32\gdi32full.dll
0x00007ffc70020000 - 0x00007ffc700be000 	C:\Windows\System32\msvcrt.dll
0x00007ffc6eeb0000 - 0x00007ffc6ef4e000 	C:\Windows\System32\msvcp_win.dll
0x00007ffc6fb30000 - 0x00007ffc6fe67000 	C:\Windows\System32\combase.dll
0x00007ffc708d0000 - 0x00007ffc709ef000 	C:\Windows\System32\RPCRT4.dll
0x00007ffc6e160000 - 0x00007ffc6e1e1000 	C:\Windows\System32\bcryptPrimitives.dll
0x00007ffc6ef50000 - 0x00007ffc6ef7e000 	C:\Windows\System32\IMM32.DLL
0x00007ffc337a0000 - 0x00007ffc3383d000 	F:\软件\idea2020.2\IntelliJ IDEA 2020.2.4\jbr\bin\msvcp140.dll
0x00007ffc24ab0000 - 0x00007ffc2557e000 	F:\软件\idea2020.2\IntelliJ IDEA 2020.2.4\jbr\bin\server\jvm.dll
0x00007ffc6fe70000 - 0x00007ffc6ff13000 	C:\Windows\System32\ADVAPI32.dll
0x00007ffc70c20000 - 0x00007ffc70cb7000 	C:\Windows\System32\sechost.dll
0x00007ffc70010000 - 0x00007ffc70018000 	C:\Windows\System32\PSAPI.DLL
0x00007ffc57a70000 - 0x00007ffc57a79000 	C:\Windows\SYSTEM32\WSOCK32.dll
0x00007ffc6fa40000 - 0x00007ffc6faaf000 	C:\Windows\System32\WS2_32.dll
0x00007ffc674e0000 - 0x00007ffc67504000 	C:\Windows\SYSTEM32\WINMM.dll
0x00007ffc620c0000 - 0x00007ffc620ca000 	C:\Windows\SYSTEM32\VERSION.dll
0x00007ffc674b0000 - 0x00007ffc674dd000 	C:\Windows\SYSTEM32\WINMMBASE.dll
0x00007ffc6ec10000 - 0x00007ffc6ec5a000 	C:\Windows\System32\cfgmgr32.dll
0x00007ffc6de00000 - 0x00007ffc6de11000 	C:\Windows\System32\kernel.appcore.dll
0x00007ffc5b590000 - 0x00007ffc5b5a1000 	F:\软件\idea2020.2\IntelliJ IDEA 2020.2.4\jbr\bin\verify.dll
0x00007ffc68dc0000 - 0x00007ffc68fb4000 	C:\Windows\SYSTEM32\DBGHELP.DLL
0x00007ffc52e80000 - 0x00007ffc52eaa000 	C:\Windows\SYSTEM32\dbgcore.DLL
0x00007ffc4f370000 - 0x00007ffc4f399000 	F:\软件\idea2020.2\IntelliJ IDEA 2020.2.4\jbr\bin\java.dll
0x00007ffc670e0000 - 0x00007ffc670eb000 	F:\软件\idea2020.2\IntelliJ IDEA 2020.2.4\jbr\bin\jimage.dll
0x00007ffc5b510000 - 0x00007ffc5b528000 	F:\软件\idea2020.2\IntelliJ IDEA 2020.2.4\jbr\bin\zip.dll

dbghelp: loaded successfully - version: 4.0.5 - missing functions: none
symbol engine: initialized successfully - sym options: 0x614 - pdb path: .;F:\软件\idea2020.2\IntelliJ IDEA 2020.2.4\jbr\bin;C:\Windows\SYSTEM32;C:\Windows\WinSxS\amd64_microsoft.windows.common-controls_6595b64144ccf1df_6.0.18362.1316_none_9e7a364fe461dbd7;F:\软件\idea2020.2\IntelliJ IDEA 2020.2.4\jbr\bin\se;F:\软件\idea2020.2\IntelliJ IDEA 2020.2.4\jbr\bin\;F:\软件\idea2020.2\IntelliJ IDEA 2020.2.4\jbr\bi;F:\软件\idea2020.2\IntelliJ IDEA 2020.2.4\jbr\

VM Arguments:
java_command: org.jetbrains.git4idea.http.GitAskPassApp Username for 'https://github.com': 
java_class_path (initial): F:/软件/idea2020.2/IntelliJ IDEA 2020.2.4/plugins/git4idea/lib/git4idea-rt.jar;F:/软件/idea2020.2/IntelliJ IDEA 2020.2.4/lib/xmlrpc-2.0.1.jar;F:/软件/idea2020.2/IntelliJ IDEA 2020.2.4/lib/commons-codec-1.14.jar
Launcher Type: SUN_STANDARD

[Global flags]
     intx CICompilerCount                          = 12                                        {product} {ergonomic}
     uint ConcGCThreads                            = 3                                         {product} {ergonomic}
     uint G1ConcRefinementThreads                  = 13                                        {product} {ergonomic}
   size_t G1HeapRegionSize                         = 1048576                                   {product} {ergonomic}
    uintx GCDrainStackTargetSize                   = 64                                        {product} {ergonomic}
   size_t InitialHeapSize                          = 266338304                                 {product} {ergonomic}
   size_t MarkStackSize                            = 4194304                                   {product} {ergonomic}
   size_t MaxHeapSize                              = 4240441344                                {product} {ergonomic}
   size_t MinHeapDeltaBytes                        = 1048576                                   {product} {ergonomic}
    uintx NonNMethodCodeHeapSize                   = 7594288                                {pd product} {ergonomic}
    uintx NonProfiledCodeHeapSize                  = 122031976                              {pd product} {ergonomic}
    uintx ProfiledCodeHeapSize                     = 122031976                              {pd product} {ergonomic}
    uintx ReservedCodeCacheSize                    = 251658240                              {pd product} {ergonomic}
     bool SegmentedCodeCache                       = true                                      {product} {ergonomic}
     bool UseCompressedClassPointers               = true                                 {lp64_product} {ergonomic}
     bool UseCompressedOops                        = true                                 {lp64_product} {ergonomic}
     bool UseG1GC                                  = true                                      {product} {ergonomic}
     bool UseLargePagesIndividualAllocation        = false                                  {pd product} {ergonomic}

Logging:
Log output configuration:
 #0: stdout all=warning uptime,level,tags
 #1: stderr all=off uptime,level,tags

Environment Variables:
JAVA_HOME=E:\java\java_home\jdk1.8
CLASSPATH=.;E:\java\java_home\jdk1.8\lib\dt.jar;E:\java\java_home\jdk1.8\lib\tools.jar
PATH=E:/java/git/githome/Git/mingw64/libexec/git-core;E:/java/git/githome/Git/mingw64/libexec/git-core;E:\java\git\githome\Git\mingw64\bin;E:\java\git\githome\Git\usr\bin;C:\Users\86176\bin;E:\java\idea30\Xlpd 6\;E:\java\idea30\Xshell 6\;E:\java\idea30\Xmanager 6\;E:\app\86176\product\11.2.0\dbhome_1\bin;C:\ProgramData\Oracle\Java\javapath;C:\Windows\system32;C:\Windows;C:\Windows\System32\Wbem;C:\Windows\System32\WindowsPowerShell\v1.0\;C:\Windows\System32\OpenSSH\;C:\Program Files (x86)\NVIDIA Corporation\PhysX\Common;C:\Program Files\NVIDIA Corporation\NVIDIA NvDLISR;E:\java\java_home\jdk1.8\bin;E:\java\Mysql\mysql-8.0.21-winx64\bin;E:\java\Mysql\mysql-8.0.21-winx64\bin;E:\java\maven\apache-maven-3.5.0\bin;E:\java\java_home\jdk1.8\jre\bin;E:\java\node\;E:\java\git\githome\Git\cmd;E:\java\svn\bin;E:\java\gradle-4.8-all\gradle-4.8\bin;C:\Users\86176\AppData\Local\Microsoft\WindowsApps;C:\Users\86176\AppData\Roaming\npm;F:\软件\驱动精灵\DriverGenius;F:\软件\驱动精灵\DriverGenius\ksoft
USERNAME=86176
DISPLAY=:0.0
LC_ALL=en_US.UTF-8
OS=Windows_NT
PROCESSOR_IDENTIFIER=Intel64 Family 6 Model 165 Stepping 2, GenuineIntel



---------------  S Y S T E M  ---------------

OS: Windows 10 , 64 bit Build 18362 (10.0.18362.1316)
OS uptime: 0 days 7:32 hours

CPU:total 16 (initial active 16) (8 cores per cpu, 2 threads per core) family 6 model 165 stepping 2, cmov, cx8, fxsr, mmx, sse, sse2, sse3, ssse3, sse4.1, sse4.2, popcnt, avx, avx2, aes, clmul, erms, 3dnowpref, lzcnt, ht, tsc, tscinvbit, bmi1, bmi2, adx, fma

Memory: 4k page, system-wide physical 16168M (385M free)
TotalPageFile size 29105M (AvailPageFile size 186M)
current process WorkingSet (physical memory assigned to process): 10M, peak: 10M
current process commit charge ("private bytes"): 71M, peak: 325M

vm_info: OpenJDK 64-Bit Server VM (11.0.9.1+11-b1145.63) for windows-amd64 JRE (11.0.9.1+11-b1145.63), built on Dec 21 2020 13:58:54 by "" with MS VC++ 14.0 (VS2015)

END.
